<?xml version="1.0" encoding="UTF-8"?>
<testsuite xmlns:xsi="http://www.w3.org/2001/XMLSchema-instance" xsi:noNamespaceSchemaLocation="https://maven.apache.org/surefire/maven-surefire-plugin/xsd/surefire-test-report.xsd" name="Runner.RunTest" time="28.699" tests="33" errors="0" skipped="0" failures="0">
  <properties>
    <property name="sun.desktop" value="windows"/>
    <property name="awt.toolkit" value="sun.awt.windows.WToolkit"/>
    <property name="java.specification.version" value="11"/>
    <property name="sun.cpu.isalist" value="amd64"/>
    <property name="sun.jnu.encoding" value="Cp1252"/>
    <property name="java.class.path" value="C:\Users\sergio.lopezm\Desktop\apache-maven-3.8.6\boot\plexus-classworlds-2.6.0.jar"/>
    <property name="java.vm.vendor" value="Oracle Corporation"/>
    <property name="sun.arch.data.model" value="64"/>
    <property name="user.variant" value=""/>
    <property name="java.vendor.url" value="https://openjdk.java.net/"/>
    <property name="user.timezone" value="Europe/Paris"/>
    <property name="maven.conf" value="C:\Users\sergio.lopezm\Desktop\apache-maven-3.8.6/conf"/>
    <property name="os.name" value="Windows 10"/>
    <property name="java.vm.specification.version" value="11"/>
    <property name="sun.java.launcher" value="SUN_STANDARD"/>
    <property name="user.country" value="ES"/>
    <property name="sun.boot.library.path" value="C:\Program Files\Java\jdk-11.0.16.1\bin"/>
    <property name="sun.java.command" value="org.codehaus.plexus.classworlds.launcher.Launcher clean test"/>
    <property name="jdk.debug" value="release"/>
    <property name="maven.home" value="C:\Users\sergio.lopezm\Desktop\apache-maven-3.8.6"/>
    <property name="sun.cpu.endian" value="little"/>
    <property name="user.home" value="C:\Users\sergio.lopezm"/>
    <property name="user.language" value="es"/>
    <property name="sun.stderr.encoding" value="cp850"/>
    <property name="java.specification.vendor" value="Oracle Corporation"/>
    <property name="java.version.date" value="2022-08-18"/>
    <property name="java.home" value="C:\Program Files\Java\jdk-11.0.16.1"/>
    <property name="file.separator" value="\"/>
    <property name="java.vm.compressedOopsMode" value="Zero based"/>
    <property name="line.separator" value="&#10;"/>
    <property name="sun.stdout.encoding" value="cp850"/>
    <property name="java.specification.name" value="Java Platform API Specification"/>
    <property name="java.vm.specification.vendor" value="Oracle Corporation"/>
    <property name="java.awt.graphicsenv" value="sun.awt.Win32GraphicsEnvironment"/>
    <property name="user.script" value=""/>
    <property name="sun.management.compiler" value="HotSpot 64-Bit Tiered Compilers"/>
    <property name="java.runtime.version" value="11.0.16.1+1-LTS-1"/>
    <property name="user.name" value="sergio.lopezm"/>
    <property name="path.separator" value=";"/>
    <property name="os.version" value="10.0"/>
    <property name="java.runtime.name" value="Java(TM) SE Runtime Environment"/>
    <property name="file.encoding" value="Cp1252"/>
    <property name="guice.disable.misplaced.annotation.check" value="true"/>
    <property name="java.vm.name" value="Java HotSpot(TM) 64-Bit Server VM"/>
    <property name="java.vendor.version" value="18.9"/>
    <property name="java.vendor.url.bug" value="https://bugreport.java.com/bugreport/"/>
    <property name="java.io.tmpdir" value="C:\Users\SERGIO~1.LOP\AppData\Local\Temp\"/>
    <property name="java.version" value="11.0.16.1"/>
    <property name="user.dir" value="C:\Users\sergio.lopezm\Desktop\ABBTEST"/>
    <property name="os.arch" value="amd64"/>
    <property name="maven.multiModuleProjectDirectory" value="C:\Users\sergio.lopezm\Desktop\ABBTEST"/>
    <property name="java.vm.specification.name" value="Java Virtual Machine Specification"/>
    <property name="java.awt.printerjob" value="sun.awt.windows.WPrinterJob"/>
    <property name="sun.os.patch.level" value=""/>
    <property name="java.library.path" value="C:\Program Files\Java\jdk-11.0.16.1\bin;C:\WINDOWS\Sun\Java\bin;C:\WINDOWS\system32;C:\WINDOWS;C:\Program Files\Common Files\Oracle\Java\javapath;C:\Python310\Scripts\;C:\Python310\;C:\Program Files (x86)\Common Files\Oracle\Java\javapath;C:\WINDOWS\system32;C:\WINDOWS;C:\WINDOWS\System32\Wbem;C:\WINDOWS\System32\WindowsPowerShell\v1.0\;C:\WINDOWS\System32\OpenSSH\;C:\Program Files\nodejs\;C:\ProgramData\chocolatey\bin;C:\Program Files\Java\jdk-11.0.16.1\bin;C:\Users\sergio.lopezm\Desktop\apache-maven-3.8.6\bin;C:\Users\sergio.lopezm\AppData\Local\Microsoft\WindowsApps;C:\Users\sergio.lopezm\AppData\Roaming\npm;C:\Users\sergio.lopezm\AppData\Local\Programs\Git\cmd;."/>
    <property name="java.vendor" value="Oracle Corporation"/>
    <property name="java.vm.info" value="mixed mode"/>
    <property name="java.vm.version" value="11.0.16.1+1-LTS-1"/>
    <property name="classworlds.conf" value="C:\Users\sergio.lopezm\Desktop\apache-maven-3.8.6\bin\m2.conf"/>
    <property name="sun.io.unicode.encoding" value="UnicodeLittle"/>
    <property name="library.jansi.path" value="C:\Users\sergio.lopezm\Desktop\apache-maven-3.8.6\lib\jansi-native"/>
    <property name="java.class.version" value="55.0"/>
  </properties>
  <testcase name="Given I send a GET request to fetch book information" classname="Scenario: " time="0.002"/>
  <testcase name="When the response should have a status code of 200" classname="Scenario: " time="0"/>
  <testcase name="Then the response should contain the title and author of the book" classname="Scenario: " time="0"/>
  <testcase name="Scenario: " classname="Scenario: " time="0.19"/>
  <testcase name="Scenario: " classname="Scenario: " time="0.139"/>
  <testcase name="Given The user is in book list page" classname="Scenario: " time="0"/>
  <testcase name="When The user clicks in log in button" classname="Scenario: " time="0"/>
  <testcase name="And The user is redirected to login page" classname="Scenario: " time="0"/>
  <testcase name="And The user introduces the user name in username input" classname="Scenario: " time="0"/>
  <testcase name="And The user introduces the password in password input" classname="Scenario: " time="0"/>
  <testcase name="And The user clicks in log in button in log in page" classname="Scenario: " time="0"/>
  <testcase name="Then The user is logged" classname="Scenario: " time="0"/>
  <testcase name="Given The user is in book list page" classname="| javascript | 4 |" time="0"/>
  <testcase name="And The Input search box is displayed" classname="| javascript | 4 |" time="0"/>
  <testcase name="And The input search box button is displayed and clickable" classname="| javascript | 4 |" time="0"/>
  <testcase name="And The List books is displayed" classname="| javascript | 4 |" time="0.001"/>
  <testcase name="When The user introduces &quot;javascript&quot; in text input" classname="| javascript | 4 |" time="0"/>
  <testcase name="Then The books list refresh and show &quot;4&quot; books that contains the text" classname="| javascript | 4 |" time="0"/>
  <testcase name="| javascript | 4 |" classname="| javascript | 4 |" time="0.136"/>
  <testcase name="Given The user is in book list page" classname="| pocket | 1 |" time="0"/>
  <testcase name="And The Input search box is displayed" classname="| pocket | 1 |" time="0"/>
  <testcase name="And The input search box button is displayed and clickable" classname="| pocket | 1 |" time="0"/>
  <testcase name="And The List books is displayed" classname="| pocket | 1 |" time="0"/>
  <testcase name="When The user introduces &quot;pocket&quot; in text input" classname="| pocket | 1 |" time="0.001"/>
  <testcase name="Then The books list refresh and show &quot;1&quot; books that contains the text" classname="| pocket | 1 |" time="0"/>
  <testcase name="| pocket | 1 |" classname="| pocket | 1 |" time="0.161"/>
  <testcase name="Given The user is in book list page" classname="| cz | 0 |" time="0"/>
  <testcase name="And The Input search box is displayed" classname="| cz | 0 |" time="0"/>
  <testcase name="And The input search box button is displayed and clickable" classname="| cz | 0 |" time="0"/>
  <testcase name="And The List books is displayed" classname="| cz | 0 |" time="0"/>
  <testcase name="When The user introduces &quot;cz&quot; in text input" classname="| cz | 0 |" time="0"/>
  <testcase name="Then The books list refresh and show &quot;0&quot; books that contains the text" classname="| cz | 0 |" time="0"/>
  <testcase name="| cz | 0 |" classname="| cz | 0 |" time="0.14"/>
</testsuite>